[INFO] Scanning for projects...
[INFO]                                                                         
[INFO] ------------------------------------------------------------------------
[INFO] Building springboot-exhibitor 1.0-SNAPSHOT
[INFO] ------------------------------------------------------------------------
[INFO] 
[INFO] --- maven-dependency-plugin:2.10:tree (default-cli) @ springboot-exhibitor ---
[INFO] net.raymondc.exhibitor:springboot-exhibitor:jar:1.0-SNAPSHOT
[INFO] +- org.springframework.boot:spring-boot-starter-web:jar:1.3.5.RELEASE:compile
[INFO] |  +- org.springframework.boot:spring-boot-starter:jar:1.3.5.RELEASE:compile
[INFO] |  |  +- org.springframework.boot:spring-boot:jar:1.3.5.RELEASE:compile
[INFO] |  |  +- org.springframework.boot:spring-boot-autoconfigure:jar:1.3.5.RELEASE:compile
[INFO] |  |  +- org.springframework.boot:spring-boot-starter-logging:jar:1.3.5.RELEASE:compile
[INFO] |  |  |  +- ch.qos.logback:logback-classic:jar:1.1.7:compile
[INFO] |  |  |  |  \- ch.qos.logback:logback-core:jar:1.1.7:compile
[INFO] |  |  |  +- org.slf4j:jcl-over-slf4j:jar:1.7.21:compile
[INFO] |  |  |  +- org.slf4j:jul-to-slf4j:jar:1.7.21:compile
[INFO] |  |  |  \- org.slf4j:log4j-over-slf4j:jar:1.7.21:compile
[INFO] |  |  +- org.springframework:spring-core:jar:4.2.6.RELEASE:compile
[INFO] |  |  \- org.yaml:snakeyaml:jar:1.16:runtime
[INFO] |  +- org.springframework.boot:spring-boot-starter-tomcat:jar:1.3.5.RELEASE:compile
[INFO] |  |  +- org.apache.tomcat.embed:tomcat-embed-core:jar:8.0.33:compile
[INFO] |  |  +- org.apache.tomcat.embed:tomcat-embed-el:jar:8.0.33:compile
[INFO] |  |  +- org.apache.tomcat.embed:tomcat-embed-logging-juli:jar:8.0.33:compile
[INFO] |  |  \- org.apache.tomcat.embed:tomcat-embed-websocket:jar:8.0.33:compile
[INFO] |  +- org.springframework.boot:spring-boot-starter-validation:jar:1.3.5.RELEASE:compile
[INFO] |  |  \- org.hibernate:hibernate-validator:jar:5.2.4.Final:compile
[INFO] |  |     +- javax.validation:validation-api:jar:1.1.0.Final:compile
[INFO] |  |     +- org.jboss.logging:jboss-logging:jar:3.3.0.Final:compile
[INFO] |  |     \- com.fasterxml:classmate:jar:1.1.0:compile
[INFO] |  +- com.fasterxml.jackson.core:jackson-databind:jar:2.6.6:compile
[INFO] |  |  +- com.fasterxml.jackson.core:jackson-annotations:jar:2.6.6:compile
[INFO] |  |  \- com.fasterxml.jackson.core:jackson-core:jar:2.6.6:compile
[INFO] |  +- org.springframework:spring-web:jar:4.2.6.RELEASE:compile
[INFO] |  |  +- org.springframework:spring-aop:jar:4.2.6.RELEASE:compile
[INFO] |  |  |  \- aopalliance:aopalliance:jar:1.0:compile
[INFO] |  |  +- org.springframework:spring-beans:jar:4.2.6.RELEASE:compile
[INFO] |  |  \- org.springframework:spring-context:jar:4.2.6.RELEASE:compile
[INFO] |  \- org.springframework:spring-webmvc:jar:4.2.6.RELEASE:compile
[INFO] |     \- org.springframework:spring-expression:jar:4.2.6.RELEASE:compile
[INFO] +- com.netflix.exhibitor:exhibitor-standalone:jar:1.5.6:compile
[INFO] |  +- com.netflix.exhibitor:exhibitor-core:jar:1.5.6:runtime
[INFO] |  |  +- org.apache.zookeeper:zookeeper:jar:3.4.6:runtime
[INFO] |  |  |  +- org.slf4j:slf4j-api:jar:1.7.21:compile
[INFO] |  |  |  +- log4j:log4j:jar:1.2.17:runtime
[INFO] |  |  |  +- jline:jline:jar:0.9.94:runtime
[INFO] |  |  |  \- io.netty:netty:jar:3.7.0.Final:runtime
[INFO] |  |  +- org.apache.curator:curator-framework:jar:2.7.1:runtime
[INFO] |  |  |  \- org.apache.curator:curator-client:jar:2.7.1:runtime
[INFO] |  |  +- org.apache.curator:curator-recipes:jar:2.7.1:runtime
[INFO] |  |  +- com.netflix.servo:servo-core:jar:0.5.2:runtime
[INFO] |  |  |  \- com.google.code.findbugs:annotations:jar:2.0.0:runtime
[INFO] |  |  +- com.google.guava:guava:jar:16.0.1:runtime
[INFO] |  |  +- javax.ws.rs:jsr311-api:jar:1.1.1:runtime
[INFO] |  |  +- org.codehaus.jackson:jackson-mapper-asl:jar:1.9.2:runtime
[INFO] |  |  +- org.apache.lucene:lucene-core:jar:3.6.0:runtime
[INFO] |  |  +- org.codehaus.jsr166-mirror:jsr166y:jar:1.7.0:runtime
[INFO] |  |  \- com.amazonaws:aws-java-sdk:jar:1.10.16:runtime
[INFO] |  |     +- com.amazonaws:aws-java-sdk-support:jar:1.10.16:runtime
[INFO] |  |     +- com.amazonaws:aws-java-sdk-simpledb:jar:1.10.16:runtime
[INFO] |  |     +- com.amazonaws:aws-java-sdk-simpleworkflow:jar:1.10.16:runtime
[INFO] |  |     +- com.amazonaws:aws-java-sdk-storagegateway:jar:1.10.16:runtime
[INFO] |  |     +- com.amazonaws:aws-java-sdk-route53:jar:1.10.16:runtime
[INFO] |  |     +- com.amazonaws:aws-java-sdk-s3:jar:1.10.16:runtime
[INFO] |  |     +- com.amazonaws:aws-java-sdk-importexport:jar:1.10.16:runtime
[INFO] |  |     +- com.amazonaws:aws-java-sdk-sts:jar:1.10.16:runtime
[INFO] |  |     +- com.amazonaws:aws-java-sdk-sqs:jar:1.10.16:runtime
[INFO] |  |     +- com.amazonaws:aws-java-sdk-rds:jar:1.10.16:runtime
[INFO] |  |     +- com.amazonaws:aws-java-sdk-redshift:jar:1.10.16:runtime
[INFO] |  |     +- com.amazonaws:aws-java-sdk-elasticbeanstalk:jar:1.10.16:runtime
[INFO] |  |     +- com.amazonaws:aws-java-sdk-glacier:jar:1.10.16:runtime
[INFO] |  |     +- com.amazonaws:aws-java-sdk-iam:jar:1.10.16:runtime
[INFO] |  |     +- com.amazonaws:aws-java-sdk-datapipeline:jar:1.10.16:runtime
[INFO] |  |     +- com.amazonaws:aws-java-sdk-elasticloadbalancing:jar:1.10.16:runtime
[INFO] |  |     +- com.amazonaws:aws-java-sdk-emr:jar:1.10.16:runtime
[INFO] |  |     +- com.amazonaws:aws-java-sdk-elasticache:jar:1.10.16:runtime
[INFO] |  |     +- com.amazonaws:aws-java-sdk-elastictranscoder:jar:1.10.16:runtime
[INFO] |  |     +- com.amazonaws:aws-java-sdk-ec2:jar:1.10.16:runtime
[INFO] |  |     +- com.amazonaws:aws-java-sdk-dynamodb:jar:1.10.16:runtime
[INFO] |  |     +- com.amazonaws:aws-java-sdk-sns:jar:1.10.16:runtime
[INFO] |  |     +- com.amazonaws:aws-java-sdk-cloudtrail:jar:1.10.16:runtime
[INFO] |  |     +- com.amazonaws:aws-java-sdk-cloudwatch:jar:1.10.16:runtime
[INFO] |  |     +- com.amazonaws:aws-java-sdk-logs:jar:1.10.16:runtime
[INFO] |  |     +- com.amazonaws:aws-java-sdk-cognitoidentity:jar:1.10.16:runtime
[INFO] |  |     +- com.amazonaws:aws-java-sdk-cognitosync:jar:1.10.16:runtime
[INFO] |  |     +- com.amazonaws:aws-java-sdk-directconnect:jar:1.10.16:runtime
[INFO] |  |     +- com.amazonaws:aws-java-sdk-cloudformation:jar:1.10.16:runtime
[INFO] |  |     +- com.amazonaws:aws-java-sdk-cloudfront:jar:1.10.16:runtime
[INFO] |  |     +- com.amazonaws:aws-java-sdk-kinesis:jar:1.10.16:runtime
[INFO] |  |     +- com.amazonaws:aws-java-sdk-opsworks:jar:1.10.16:runtime
[INFO] |  |     +- com.amazonaws:aws-java-sdk-ses:jar:1.10.16:runtime
[INFO] |  |     +- com.amazonaws:aws-java-sdk-autoscaling:jar:1.10.16:runtime
[INFO] |  |     +- com.amazonaws:aws-java-sdk-cloudsearch:jar:1.10.16:runtime
[INFO] |  |     +- com.amazonaws:aws-java-sdk-cloudwatchmetrics:jar:1.10.16:runtime
[INFO] |  |     +- com.amazonaws:aws-java-sdk-swf-libraries:jar:1.10.16:runtime
[INFO] |  |     +- com.amazonaws:aws-java-sdk-codedeploy:jar:1.10.16:runtime
[INFO] |  |     +- com.amazonaws:aws-java-sdk-codepipeline:jar:1.10.16:runtime
[INFO] |  |     +- com.amazonaws:aws-java-sdk-kms:jar:1.10.16:runtime
[INFO] |  |     +- com.amazonaws:aws-java-sdk-config:jar:1.10.16:runtime
[INFO] |  |     +- com.amazonaws:aws-java-sdk-lambda:jar:1.10.16:runtime
[INFO] |  |     +- com.amazonaws:aws-java-sdk-ecs:jar:1.10.16:runtime
[INFO] |  |     +- com.amazonaws:aws-java-sdk-cloudhsm:jar:1.10.16:runtime
[INFO] |  |     +- com.amazonaws:aws-java-sdk-ssm:jar:1.10.16:runtime
[INFO] |  |     +- com.amazonaws:aws-java-sdk-workspaces:jar:1.10.16:runtime
[INFO] |  |     +- com.amazonaws:aws-java-sdk-machinelearning:jar:1.10.16:runtime
[INFO] |  |     +- com.amazonaws:aws-java-sdk-directory:jar:1.10.16:runtime
[INFO] |  |     +- com.amazonaws:aws-java-sdk-efs:jar:1.10.16:runtime
[INFO] |  |     +- com.amazonaws:aws-java-sdk-codecommit:jar:1.10.16:runtime
[INFO] |  |     +- com.amazonaws:aws-java-sdk-devicefarm:jar:1.10.16:runtime
[INFO] |  |     \- com.amazonaws:aws-java-sdk-core:jar:1.10.16:runtime
[INFO] |  |        +- commons-logging:commons-logging:jar:1.1.3:runtime
[INFO] |  |        +- org.apache.httpcomponents:httpclient:jar:4.5.2:runtime
[INFO] |  |        |  +- org.apache.httpcomponents:httpcore:jar:4.4.4:runtime
[INFO] |  |        |  \- commons-codec:commons-codec:jar:1.9:runtime
[INFO] |  |        \- joda-time:joda-time:jar:2.8.2:runtime
[INFO] |  +- com.sun.jersey:jersey-core:jar:1.18.3:compile
[INFO] |  +- com.sun.jersey:jersey-client:jar:1.18.3:runtime
[INFO] |  +- com.sun.jersey:jersey-server:jar:1.18.3:compile
[INFO] |  +- com.sun.jersey:jersey-json:jar:1.18.3:runtime
[INFO] |  |  +- org.codehaus.jettison:jettison:jar:1.1:runtime
[INFO] |  |  +- com.sun.xml.bind:jaxb-impl:jar:2.2.3-1:runtime
[INFO] |  |  |  \- javax.xml.bind:jaxb-api:jar:2.2.2:runtime
[INFO] |  |  |     +- javax.xml.stream:stax-api:jar:1.0-2:runtime
[INFO] |  |  |     \- javax.activation:activation:jar:1.1:runtime
[INFO] |  |  +- org.codehaus.jackson:jackson-core-asl:jar:1.9.2:runtime
[INFO] |  |  +- org.codehaus.jackson:jackson-jaxrs:jar:1.9.2:runtime
[INFO] |  |  \- org.codehaus.jackson:jackson-xc:jar:1.9.2:runtime
[INFO] |  +- org.mortbay.jetty:jetty:jar:6.1.22:runtime
[INFO] |  |  +- org.mortbay.jetty:jetty-util:jar:6.1.22:runtime
[INFO] |  |  \- org.mortbay.jetty:servlet-api:jar:2.5-20081211:runtime
[INFO] |  \- commons-cli:commons-cli:jar:1.2:runtime
[INFO] \- com.sun.jersey:jersey-servlet:jar:1.18.5:compile
[INFO] ------------------------------------------------------------------------
[INFO] BUILD SUCCESS
[INFO] ------------------------------------------------------------------------
[INFO] Total time: 1.149 s
[INFO] Finished at: 2016-07-05T07:22:25+01:00
[INFO] Final Memory: 21M/437M
[INFO] ------------------------------------------------------------------------
